<?xml version="1.0" encoding="UTF-8"?>
<!-- Generated by org.testng.reporters.JUnitXMLReporter -->
<testsuite hostname="DEL-C8Y5XS2" ignored="12" name="AutoITDemo" tests="4" failures="0" timestamp="03 Apr 2020 10:24:27 GMT" time="54.98" errors="0">
  <testcase name="openSps" time="0.025" classname="spsAutomation.ImportPoTest"/>
  <testcase name="invoiceFunctionalAck" time="21.401" classname="spsAutomation.ImportPoTest"/>
  <testcase name="invoiceAperak" time="16.481" classname="spsAutomation.ImportPoTest"/>
  <testcase name="readNotesGridAheadAgain" time="16.309" classname="spsAutomation.ImportPoTest"/>
  <testcase name="deleteImportPath" time="0.0" classname="spsAutomation.ImportPoTest">
    <ignored/>
  </testcase> <!-- deleteImportPath -->
  <testcase name="outstandingAhead" time="0.0" classname="spsAutomation.ImportPoTest">
    <ignored/>
  </testcase> <!-- outstandingAhead -->
  <testcase name="importOrder" time="0.0" classname="spsAutomation.ImportPoTest">
    <ignored/>
  </testcase> <!-- importOrder -->
  <testcase name="partiallFilledAhead" time="0.0" classname="spsAutomation.ImportPoTest">
    <ignored/>
  </testcase> <!-- partiallFilledAhead -->
  <testcase name="readNotesGridAhead" time="0.0" classname="spsAutomation.ImportPoTest">
    <ignored/>
  </testcase> <!-- readNotesGridAhead -->
  <testcase name="sendInvoice" time="0.0" classname="spsAutomation.ImportPoTest">
    <ignored/>
  </testcase> <!-- sendInvoice -->
  <testcase name="clickTheGrid" time="0.0" classname="spsAutomation.ImportPoTest">
    <ignored/>
  </testcase> <!-- clickTheGrid -->
  <testcase name="waitingASNAhead" time="0.0" classname="spsAutomation.ImportPoTest">
    <ignored/>
  </testcase> <!-- waitingASNAhead -->
  <testcase name="maximizeWindow" time="0.0" classname="spsAutomation.ImportPoTest">
    <ignored/>
  </testcase> <!-- maximizeWindow -->
  <testcase name="completeOrderAhead" time="0.0" classname="spsAutomation.ImportPoTest">
    <ignored/>
  </testcase> <!-- completeOrderAhead -->
  <testcase name="basicWorkflow" time="0.0" classname="spsAutomation.ImportPoTest">
    <ignored/>
  </testcase> <!-- basicWorkflow -->
  <testcase name="modifyImportPath" time="0.0" classname="spsAutomation.ImportPoTest">
    <ignored/>
  </testcase> <!-- modifyImportPath -->
</testsuite> <!-- AutoITDemo -->
