<?xml version="1.0" encoding="UTF-8"?>
<testng-results skipped="0" failed="0" ignored="12" total="16" passed="4">
  <reporter-output>
  </reporter-output>
  <suite name="RegressionSuite" duration-ms="54980" started-at="2020-04-03T10:23:32Z" finished-at="2020-04-03T10:24:27Z">
    <groups>
    </groups>
    <test name="AutoITDemo" duration-ms="54980" started-at="2020-04-03T10:23:32Z" finished-at="2020-04-03T10:24:27Z">
      <class name="spsAutomation.ImportPoTest">
        <test-method status="PASS" signature="setup()[pri:0, instance:spsAutomation.ImportPoTest@e874448]" name="setup" is-config="true" duration-ms="729" started-at="2020-04-03T10:23:32Z" finished-at="2020-04-03T10:23:33Z">
          <reporter-output>
          </reporter-output>
        </test-method> <!-- setup -->
        <test-method status="PASS" signature="openSps()[pri:0, instance:spsAutomation.ImportPoTest@e874448]" name="openSps" duration-ms="25" started-at="2020-04-03T10:23:33Z" finished-at="2020-04-03T10:23:33Z">
          <reporter-output>
          </reporter-output>
        </test-method> <!-- openSps -->
        <test-method status="PASS" signature="invoiceFunctionalAck()[pri:0, instance:spsAutomation.ImportPoTest@e874448]" name="invoiceFunctionalAck" duration-ms="21401" started-at="2020-04-03T10:23:33Z" finished-at="2020-04-03T10:23:54Z">
          <reporter-output>
          </reporter-output>
        </test-method> <!-- invoiceFunctionalAck -->
        <test-method status="PASS" signature="invoiceAperak()[pri:0, instance:spsAutomation.ImportPoTest@e874448]" name="invoiceAperak" duration-ms="16481" started-at="2020-04-03T10:23:54Z" finished-at="2020-04-03T10:24:11Z">
          <reporter-output>
          </reporter-output>
        </test-method> <!-- invoiceAperak -->
        <test-method status="PASS" signature="readNotesGridAheadAgain()[pri:0, instance:spsAutomation.ImportPoTest@e874448]" name="readNotesGridAheadAgain" duration-ms="16309" started-at="2020-04-03T10:24:11Z" finished-at="2020-04-03T10:24:27Z">
          <reporter-output>
          </reporter-output>
        </test-method> <!-- readNotesGridAheadAgain -->
      </class> <!-- spsAutomation.ImportPoTest -->
    </test> <!-- AutoITDemo -->
  </suite> <!-- RegressionSuite -->
</testng-results>
